<?xml version="1.0" ?>
<!DOCTYPE coverage SYSTEM "http://cobertura.sourceforge.net/xml/coverage-04.dtd">
<coverage lines-valid="66" lines-covered="59" line-rate="0.8939" branches-valid="16" branches-covered="13" branch-rate="0.8125" timestamp="1700240025065" complexity="0" version="0.1">
  <sources>
    <source>C:\Users\moyom\Documents\GitHub\PR_SEARCHING_AlGO</source>
  </sources>
  <packages>
    <package name="main" line-rate="0.8939" branch-rate="0.8125">
      <classes>
        <class name="Dfs_And_Bfs_Script_functions.js" filename="test\Dfs_And_Bfs_Script_functions.js" line-rate="0.8636" branch-rate="0.625">
          <methods>
            <method name="generateTreeEdges" hits="1" signature="()V">
              <lines>
                <line number="1" hits="1"/>
              </lines>
            </method>
            <method name="(anonymous_1)" hits="8" signature="()V">
              <lines>
                <line number="3" hits="8"/>
              </lines>
            </method>
            <method name="numbersToLetters" hits="0" signature="()V">
              <lines>
                <line number="24" hits="0"/>
              </lines>
            </method>
            <method name="(anonymous_3)" hits="0" signature="()V">
              <lines>
                <line number="25" hits="0"/>
              </lines>
            </method>
            <method name="(anonymous_4)" hits="0" signature="()V">
              <lines>
                <line number="26" hits="0"/>
              </lines>
            </method>
            <method name="depthFirstSearch" hits="1" signature="()V">
              <lines>
                <line number="36" hits="1"/>
              </lines>
            </method>
            <method name="dfs" hits="20" signature="()V">
              <lines>
                <line number="40" hits="20"/>
              </lines>
            </method>
            <method name="(anonymous_7)" hits="285" signature="()V">
              <lines>
                <line number="46" hits="285"/>
              </lines>
            </method>
            <method name="(anonymous_8)" hits="19" signature="()V">
              <lines>
                <line number="47" hits="19"/>
              </lines>
            </method>
            <method name="breadthFirstSearch" hits="1" signature="()V">
              <lines>
                <line number="60" hits="1"/>
              </lines>
            </method>
            <method name="(anonymous_10)" hits="285" signature="()V">
              <lines>
                <line number="72" hits="285"/>
              </lines>
            </method>
            <method name="(anonymous_11)" hits="19" signature="()V">
              <lines>
                <line number="73" hits="19"/>
              </lines>
            </method>
          </methods>
          <lines>
            <line number="2" hits="1" branch="false"/>
            <line number="3" hits="8" branch="false"/>
            <line number="4" hits="1" branch="false"/>
            <line number="5" hits="7" branch="false"/>
            <line number="6" hits="7" branch="false"/>
            <line number="7" hits="7" branch="false"/>
            <line number="11" hits="1" branch="false"/>
            <line number="12" hits="3" branch="false"/>
            <line number="13" hits="3" branch="false"/>
            <line number="15" hits="3" branch="true" condition-coverage="50% (1/2)"/>
            <line number="16" hits="3" branch="false"/>
            <line number="21" hits="1" branch="false"/>
            <line number="25" hits="0" branch="false"/>
            <line number="26" hits="0" branch="false"/>
            <line number="27" hits="0" branch="true" condition-coverage="0% (0/2)"/>
            <line number="28" hits="0" branch="false"/>
            <line number="30" hits="0" branch="false"/>
            <line number="33" hits="0" branch="false"/>
            <line number="37" hits="1" branch="false"/>
            <line number="38" hits="1" branch="false"/>
            <line number="41" hits="20" branch="true" condition-coverage="100% (2/2)"/>
            <line number="42" hits="15" branch="false"/>
            <line number="43" hits="15" branch="false"/>
            <line number="45" hits="15" branch="false"/>
            <line number="46" hits="285" branch="false"/>
            <line number="47" hits="19" branch="false"/>
            <line number="49" hits="15" branch="false"/>
            <line number="50" hits="19" branch="false"/>
            <line number="55" hits="1" branch="false"/>
            <line number="57" hits="1" branch="false"/>
            <line number="61" hits="1" branch="false"/>
            <line number="62" hits="1" branch="false"/>
            <line number="63" hits="1" branch="false"/>
            <line number="65" hits="1" branch="false"/>
            <line number="66" hits="20" branch="false"/>
            <line number="67" hits="20" branch="true" condition-coverage="100% (2/2)"/>
            <line number="68" hits="15" branch="false"/>
            <line number="69" hits="15" branch="false"/>
            <line number="71" hits="15" branch="false"/>
            <line number="72" hits="285" branch="false"/>
            <line number="73" hits="19" branch="false"/>
            <line number="75" hits="15" branch="false"/>
            <line number="79" hits="1" branch="false"/>
            <line number="82" hits="1" branch="false"/>
          </lines>
        </class>
        <class name="binary_Search_functions.js" filename="test\binary_Search_functions.js" line-rate="0.9545" branch-rate="1">
          <methods>
            <method name="binarySearch" hits="3" signature="()V">
              <lines>
                <line number="1" hits="3"/>
              </lines>
            </method>
            <method name="arraysAreEqual" hits="2" signature="()V">
              <lines>
                <line number="34" hits="2"/>
              </lines>
            </method>
          </methods>
          <lines>
            <line number="2" hits="3" branch="false"/>
            <line number="3" hits="3" branch="false"/>
            <line number="4" hits="3" branch="false"/>
            <line number="6" hits="3" branch="false"/>
            <line number="8" hits="7" branch="false"/>
            <line number="11" hits="7" branch="true" condition-coverage="100% (2/2)"/>
            <line number="12" hits="3" branch="false"/>
            <line number="13" hits="3" branch="false"/>
            <line number="14" hits="4" branch="true" condition-coverage="100% (2/2)"/>
            <line number="16" hits="2" branch="false"/>
            <line number="18" hits="2" branch="false"/>
            <line number="19" hits="4" branch="false"/>
            <line number="23" hits="2" branch="false"/>
            <line number="25" hits="2" branch="false"/>
            <line number="26" hits="4" branch="false"/>
            <line number="31" hits="0" branch="false"/>
            <line number="35" hits="2" branch="false"/>
            <line number="37" hits="2" branch="false"/>
            <line number="38" hits="14" branch="true" condition-coverage="100% (2/2)"/>
            <line number="39" hits="1" branch="false"/>
            <line number="43" hits="2" branch="true" condition-coverage="100% (2/2)"/>
            <line number="46" hits="1" branch="false"/>
          </lines>
        </class>
      </classes>
    </package>
  </packages>
</coverage>
